<?xml version="1.0" encoding="UTF-8"?>
<coverage generated="1543066979">
  <project timestamp="1543066979">
    <package name="Ankitjain28may\Prettysize">
      <file name="/var/www/html/prettysize/src/Pretty.php">
        <class name="Ankitjain28may\Prettysize\Pretty" namespace="Ankitjain28may\Prettysize">
          <metrics complexity="3" methods="1" coveredmethods="0" conditionals="0" coveredconditionals="0" statements="9" coveredstatements="0" elements="10" coveredelements="0"/>
        </class>
        <line num="26" type="method" name="pretty" visibility="public" complexity="3" crap="12.00" count="0"/>
        <line num="28" type="stmt" count="0"/>
        <line num="29" type="stmt" count="0"/>
        <line num="30" type="stmt" count="0"/>
        <line num="31" type="stmt" count="0"/>
        <line num="32" type="stmt" count="0"/>
        <line num="33" type="stmt" count="0"/>
        <line num="34" type="stmt" count="0"/>
        <line num="35" type="stmt" count="0"/>
        <line num="38" type="stmt" count="0"/>
        <metrics loc="41" ncloc="28" classes="1" methods="1" coveredmethods="0" conditionals="0" coveredconditionals="0" statements="9" coveredstatements="0" elements="10" coveredelements="0"/>
      </file>
    </package>
    <metrics files="1" loc="41" ncloc="28" classes="1" methods="1" coveredmethods="0" conditionals="0" coveredconditionals="0" statements="9" coveredstatements="0" elements="10" coveredelements="0"/>
  </project>
</coverage>
